{
  "RSpec": {
    "coverage": {
      "C:/Sites/first_app/app/helpers/application_helper.rb": [
        1,
        1,
        81,
        81,
        33,
        null,
        48,
        null,
        null,
        null
      ],
      "C:/Sites/first_app/app/helpers/blogs_helper.rb": [
        1,
        null
      ],
      "C:/Sites/first_app/app/helpers/sessions_helper.rb": [
        1,
        null,
        1,
        26,
        26,
        null,
        null,
        1,
        99,
        null,
        null,
        1,
        0,
        null,
        1,
        182,
        null,
        1,
        15,
        null,
        1,
        2,
        null,
        2,
        null,
        1,
        3,
        null,
        1,
        19,
        19,
        null,
        null
      ],
      "C:/Sites/first_app/app/helpers/users_helper.rb": [
        1,
        null,
        null,
        1,
        34,
        34,
        34,
        null,
        null
      ],
      "C:/Sites/first_app/app/controllers/blogs_controller.rb": [
        1,
        1,
        null,
        null,
        1,
        null,
        null,
        1,
        null,
        null,
        1,
        null,
        0,
        null,
        null,
        null
      ],
      "C:/Sites/first_app/app/controllers/application_controller.rb": [
        1,
        null,
        null,
        1,
        null,
        1,
        null
      ],
      "C:/Sites/first_app/app/controllers/sessions_controller.rb": [
        1,
        null,
        1,
        20,
        20,
        19,
        19,
        null,
        1,
        null,
        1,
        null,
        null,
        null,
        1,
        2,
        2,
        null,
        null,
        null
      ],
      "C:/Sites/first_app/app/controllers/users_controller.rb": [
        1,
        1,
        1,
        1,
        7,
        null,
        1,
        null,
        null,
        1,
        25,
        null,
        1,
        null,
        4,
        4,
        4,
        3,
        3,
        3,
        null,
        1,
        1,
        1,
        null,
        null,
        null,
        1,
        null,
        null,
        null,
        1,
        5,
        5,
        4,
        4,
        4,
        null,
        null,
        1,
        null,
        null,
        null,
        null,
        1,
        1,
        18,
        3,
        3,
        3,
        null,
        null,
        null,
        1,
        15,
        15,
        null,
        null,
        1,
        9,
        null,
        null
      ],
      "C:/Sites/first_app/app/models/user.rb": [
        1,
        null,
        1,
        null,
        null,
        null,
        41,
        1,
        1,
        55,
        null,
        null,
        1,
        1,
        1,
        1,
        1,
        1,
        0,
        null,
        null,
        1,
        40,
        null,
        null,
        null,
        null
      ]
    },
    "timestamp": 1406185543
  }
}
