{
  "RSpec": {
    "coverage": {
      "C:/Sites/first_app/app/helpers/application_helper.rb": [
        1,
        1,
        28,
        28,
        9,
        null,
        19,
        null,
        null,
        null
      ],
      "C:/Sites/first_app/app/helpers/blogs_helper.rb": [
        1,
        null
      ],
      "C:/Sites/first_app/app/helpers/sessions_helper.rb": [
        1,
        null,
        1,
        null,
        null,
        null,
        null,
        null
      ],
      "C:/Sites/first_app/app/helpers/users_helper.rb": [
        1,
        null,
        null,
        1,
        6,
        6,
        6,
        null,
        null
      ],
      "C:/Sites/first_app/app/controllers/blogs_controller.rb": [
        1,
        1,
        null,
        null,
        1,
        null,
        null,
        1,
        null,
        null,
        1,
        null,
        0,
        null,
        null,
        null
      ],
      "C:/Sites/first_app/app/controllers/application_controller.rb": [
        1,
        null,
        null,
        1,
        null,
        1,
        null
      ],
      "C:/Sites/first_app/app/controllers/sessions_controller.rb": [
        1,
        null,
        1,
        4,
        4,
        3,
        3,
        null,
        1,
        null,
        1,
        null,
        null,
        null,
        1,
        null,
        null,
        null
      ],
      "C:/Sites/first_app/app/controllers/users_controller.rb": [
        1,
        1,
        6,
        null,
        1,
        6,
        null,
        1,
        null,
        3,
        3,
        3,
        2,
        2,
        null,
        1,
        1,
        1,
        null,
        null,
        null,
        null,
        1,
        null,
        1,
        3,
        null,
        null
      ],
      "C:/Sites/first_app/app/models/user.rb": [
        1,
        null,
        1,
        null,
        null,
        null,
        12,
        1,
        1,
        25,
        null,
        null,
        1,
        1,
        1,
        1,
        1,
        1,
        0,
        null,
        null,
        1,
        11,
        null,
        null,
        null,
        null
      ]
    },
    "timestamp": 1405861130
  }
}
